
**** Build of configuration Debug for project empty_MSP_EXP432P401R_nortos_ccs ****

"C:\\ti\\ccs1040\\ccs\\utils\\bin\\gmake" -k -j 8 all -O 
 
Building file: "../CAR_Controls.c"
Invoking: Arm Compiler
"C:/ti/ti-cgt-arm_20.2.4.LTS/bin/armcl" -mv7M4 --code_state=16 --float_support=FPv4SPD16 -me --include_path="C:/Users/rcwww/Desktop/Y2T1/2104/demo_backup/ict2104_carProj-main/ict2104_carProj-main/LABS/empty_MSP_EXP432P401R_nortos_ccs" --include_path="C:/ti/simplelink_msp432p4_sdk_3_40_01_02/source" --include_path="C:/ti/simplelink_msp432p4_sdk_3_40_01_02/source/third_party/CMSIS/Include" --include_path="C:/ti/ti-cgt-arm_20.2.4.LTS/include" --advice:power=none --define=__MSP432P401R__ --define=DeviceFamily_MSP432P401x -g --diag_warning=225 --diag_warning=255 --diag_wrap=off --display_error_number --gen_func_subsections=on --preproc_with_compile --preproc_dependency="CAR_Controls.d_raw"  "../CAR_Controls.c"
Finished building: "../CAR_Controls.c"
 
Building file: "../ccs/startup_msp432p401r_ccs.c"
Invoking: Arm Compiler
"C:/ti/ti-cgt-arm_20.2.4.LTS/bin/armcl" -mv7M4 --code_state=16 --float_support=FPv4SPD16 -me --include_path="C:/Users/rcwww/Desktop/Y2T1/2104/demo_backup/ict2104_carProj-main/ict2104_carProj-main/LABS/empty_MSP_EXP432P401R_nortos_ccs" --include_path="C:/ti/simplelink_msp432p4_sdk_3_40_01_02/source" --include_path="C:/ti/simplelink_msp432p4_sdk_3_40_01_02/source/third_party/CMSIS/Include" --include_path="C:/ti/ti-cgt-arm_20.2.4.LTS/include" --advice:power=none --define=__MSP432P401R__ --define=DeviceFamily_MSP432P401x -g --diag_warning=225 --diag_warning=255 --diag_wrap=off --display_error_number --gen_func_subsections=on --preproc_with_compile --preproc_dependency="ccs/startup_msp432p401r_ccs.d_raw" --obj_directory="ccs"  "../ccs/startup_msp432p401r_ccs.c"
Finished building: "../ccs/startup_msp432p401r_ccs.c"
 
Building file: "../ESP8266.c"
Invoking: Arm Compiler
"C:/ti/ti-cgt-arm_20.2.4.LTS/bin/armcl" -mv7M4 --code_state=16 --float_support=FPv4SPD16 -me --include_path="C:/Users/rcwww/Desktop/Y2T1/2104/demo_backup/ict2104_carProj-main/ict2104_carProj-main/LABS/empty_MSP_EXP432P401R_nortos_ccs" --include_path="C:/ti/simplelink_msp432p4_sdk_3_40_01_02/source" --include_path="C:/ti/simplelink_msp432p4_sdk_3_40_01_02/source/third_party/CMSIS/Include" --include_path="C:/ti/ti-cgt-arm_20.2.4.LTS/include" --advice:power=none --define=__MSP432P401R__ --define=DeviceFamily_MSP432P401x -g --diag_warning=225 --diag_warning=255 --diag_wrap=off --display_error_number --gen_func_subsections=on --preproc_with_compile --preproc_dependency="ESP8266.d_raw"  "../ESP8266.c"
Finished building: "../ESP8266.c"
 
Building file: "../HCSR04.c"
Invoking: Arm Compiler
"C:/ti/ti-cgt-arm_20.2.4.LTS/bin/armcl" -mv7M4 --code_state=16 --float_support=FPv4SPD16 -me --include_path="C:/Users/rcwww/Desktop/Y2T1/2104/demo_backup/ict2104_carProj-main/ict2104_carProj-main/LABS/empty_MSP_EXP432P401R_nortos_ccs" --include_path="C:/ti/simplelink_msp432p4_sdk_3_40_01_02/source" --include_path="C:/ti/simplelink_msp432p4_sdk_3_40_01_02/source/third_party/CMSIS/Include" --include_path="C:/ti/ti-cgt-arm_20.2.4.LTS/include" --advice:power=none --define=__MSP432P401R__ --define=DeviceFamily_MSP432P401x -g --diag_warning=225 --diag_warning=255 --diag_wrap=off --display_error_number --gen_func_subsections=on --preproc_with_compile --preproc_dependency="HCSR04.d_raw"  "../HCSR04.c"
Finished building: "../HCSR04.c"
 
Building file: "../Initialise.c"
Invoking: Arm Compiler
"C:/ti/ti-cgt-arm_20.2.4.LTS/bin/armcl" -mv7M4 --code_state=16 --float_support=FPv4SPD16 -me --include_path="C:/Users/rcwww/Desktop/Y2T1/2104/demo_backup/ict2104_carProj-main/ict2104_carProj-main/LABS/empty_MSP_EXP432P401R_nortos_ccs" --include_path="C:/ti/simplelink_msp432p4_sdk_3_40_01_02/source" --include_path="C:/ti/simplelink_msp432p4_sdk_3_40_01_02/source/third_party/CMSIS/Include" --include_path="C:/ti/ti-cgt-arm_20.2.4.LTS/include" --advice:power=none --define=__MSP432P401R__ --define=DeviceFamily_MSP432P401x -g --diag_warning=225 --diag_warning=255 --diag_wrap=off --display_error_number --gen_func_subsections=on --preproc_with_compile --preproc_dependency="Initialise.d_raw"  "../Initialise.c"
Finished building: "../Initialise.c"
 
Building file: "../system_msp432p401r.c"
Invoking: Arm Compiler
"C:/ti/ti-cgt-arm_20.2.4.LTS/bin/armcl" -mv7M4 --code_state=16 --float_support=FPv4SPD16 -me --include_path="C:/Users/rcwww/Desktop/Y2T1/2104/demo_backup/ict2104_carProj-main/ict2104_carProj-main/LABS/empty_MSP_EXP432P401R_nortos_ccs" --include_path="C:/ti/simplelink_msp432p4_sdk_3_40_01_02/source" --include_path="C:/ti/simplelink_msp432p4_sdk_3_40_01_02/source/third_party/CMSIS/Include" --include_path="C:/ti/ti-cgt-arm_20.2.4.LTS/include" --advice:power=none --define=__MSP432P401R__ --define=DeviceFamily_MSP432P401x -g --diag_warning=225 --diag_warning=255 --diag_wrap=off --display_error_number --gen_func_subsections=on --preproc_with_compile --preproc_dependency="system_msp432p401r.d_raw"  "../system_msp432p401r.c"
Finished building: "../system_msp432p401r.c"
 
Building file: "../UART_Driver.c"
Invoking: Arm Compiler
"C:/ti/ti-cgt-arm_20.2.4.LTS/bin/armcl" -mv7M4 --code_state=16 --float_support=FPv4SPD16 -me --include_path="C:/Users/rcwww/Desktop/Y2T1/2104/demo_backup/ict2104_carProj-main/ict2104_carProj-main/LABS/empty_MSP_EXP432P401R_nortos_ccs" --include_path="C:/ti/simplelink_msp432p4_sdk_3_40_01_02/source" --include_path="C:/ti/simplelink_msp432p4_sdk_3_40_01_02/source/third_party/CMSIS/Include" --include_path="C:/ti/ti-cgt-arm_20.2.4.LTS/include" --advice:power=none --define=__MSP432P401R__ --define=DeviceFamily_MSP432P401x -g --diag_warning=225 --diag_warning=255 --diag_wrap=off --display_error_number --gen_func_subsections=on --preproc_with_compile --preproc_dependency="UART_Driver.d_raw"  "../UART_Driver.c"
"../UART_Driver.c", line 239: warning #9-D: nested comment is not allowed
"../UART_Driver.c", line 246: warning #9-D: nested comment is not allowed
Finished building: "../UART_Driver.c"
 
Building file: "../main.c"
Invoking: Arm Compiler
"C:/ti/ti-cgt-arm_20.2.4.LTS/bin/armcl" -mv7M4 --code_state=16 --float_support=FPv4SPD16 -me --include_path="C:/Users/rcwww/Desktop/Y2T1/2104/demo_backup/ict2104_carProj-main/ict2104_carProj-main/LABS/empty_MSP_EXP432P401R_nortos_ccs" --include_path="C:/ti/simplelink_msp432p4_sdk_3_40_01_02/source" --include_path="C:/ti/simplelink_msp432p4_sdk_3_40_01_02/source/third_party/CMSIS/Include" --include_path="C:/ti/ti-cgt-arm_20.2.4.LTS/include" --advice:power=none --define=__MSP432P401R__ --define=DeviceFamily_MSP432P401x -g --diag_warning=225 --diag_warning=255 --diag_wrap=off --display_error_number --gen_func_subsections=on --preproc_with_compile --preproc_dependency="main.d_raw"  "../main.c"
"../main.c", line 95: warning #176-D: expression has no effect
Finished building: "../main.c"
 
Building target: "empty_MSP_EXP432P401R_nortos_ccs.out"
Invoking: Arm Linker
"C:/ti/ti-cgt-arm_20.2.4.LTS/bin/armcl" -mv7M4 --code_state=16 --float_support=FPv4SPD16 -me --advice:power=none --define=__MSP432P401R__ --define=DeviceFamily_MSP432P401x -g --diag_warning=225 --diag_warning=255 --diag_wrap=off --display_error_number --gen_func_subsections=on -z -m"empty_MSP_EXP432P401R_nortos_ccs.map" --stack_size=512 -i"C:/ti/simplelink_msp432p4_sdk_3_40_01_02/source" -i"C:/ti/ti-cgt-arm_20.2.4.LTS/lib" --diag_wrap=off --display_error_number --warn_sections --xml_link_info="empty_MSP_EXP432P401R_nortos_ccs_linkInfo.xml" --rom_model -o "empty_MSP_EXP432P401R_nortos_ccs.out" "./CAR_Controls.obj" "./ESP8266.obj" "./HCSR04.obj" "./Initialise.obj" "./UART_Driver.obj" "./main.obj" "./system_msp432p401r.obj" "./ccs/startup_msp432p401r_ccs.obj" "../msp432p401r.cmd"  -l"ti/display/lib/display.aem4f" -l"ti/grlib/lib/ccs/m4f/grlib.a" -l"third_party/spiffs/lib/ccs/m4f/spiffs.a" -l"ti/drivers/lib/drivers_msp432p401x.aem4f" -l"third_party/fatfs/lib/ccs/m4f/fatfs.a" -l"ti/devices/msp432p4xx/driverlib/ccs/msp432p4xx_driverlib.lib" -llibc.a 
<Linking>
Finished building target: "empty_MSP_EXP432P401R_nortos_ccs.out"
 

**** Build Finished ****
