
**** Build of configuration Debug for project ESP8266 ****

"C:\\ti\\ccs1040\\ccs\\utils\\bin\\gmake" -k -j 8 all -O 
 
Building file: "../main.c"
Invoking: MSP432 Compiler
"C:/ti/ti-cgt-arm_20.2.4.LTS/bin/armcl" -mv7M4 --code_state=16 --float_support=FPv4SPD16 -me --include_path="C:/ti/ccs1040/ccs/ccs_base/arm/include" --include_path="C:/ti/simplelink_msp432_sdk_1_40_01_00/source" --include_path="C:/ti/ccs1040/ccs/ccs_base/arm/include/CMSIS" --include_path="C:/Users/rcwww/Downloads/MSP432-ESP8266-master/MSP432-ESP8266-master" --include_path="C:/ti/ti-cgt-arm_20.2.4.LTS/include" --advice:power=all --define=__MSP432P401R__ --define=ccs -g --gcc --diag_warning=225 --diag_wrap=off --display_error_number --abi=eabi --preproc_with_compile --preproc_dependency="main.d_raw"  "../main.c"
 
>> Compilation failure
subdir_rules.mk:9: recipe for target 'main.obj' failed
"C:/Users/rcwww/Downloads/MSP432-ESP8266-master/MSP432-ESP8266-master/Hardware/CS_Driver.h", line 4: fatal error #1965: cannot open source file "ti/devices/msp432p4xx/driverlib/cs.h"
1 catastrophic error detected in the compilation of "../main.c".
Compilation terminated.
gmake: *** [main.obj] Error 1
Building file: "../startup_msp432p401r_ccs.c"
Invoking: MSP432 Compiler
"C:/ti/ti-cgt-arm_20.2.4.LTS/bin/armcl" -mv7M4 --code_state=16 --float_support=FPv4SPD16 -me --include_path="C:/ti/ccs1040/ccs/ccs_base/arm/include" --include_path="C:/ti/simplelink_msp432_sdk_1_40_01_00/source" --include_path="C:/ti/ccs1040/ccs/ccs_base/arm/include/CMSIS" --include_path="C:/Users/rcwww/Downloads/MSP432-ESP8266-master/MSP432-ESP8266-master" --include_path="C:/ti/ti-cgt-arm_20.2.4.LTS/include" --advice:power=all --define=__MSP432P401R__ --define=ccs -g --gcc --diag_warning=225 --diag_wrap=off --display_error_number --abi=eabi --preproc_with_compile --preproc_dependency="startup_msp432p401r_ccs.d_raw"  "../startup_msp432p401r_ccs.c"
Finished building: "../startup_msp432p401r_ccs.c"
 
Building file: "../Devices/ESP8266.c"
Invoking: MSP432 Compiler
"C:/ti/ti-cgt-arm_20.2.4.LTS/bin/armcl" -mv7M4 --code_state=16 --float_support=FPv4SPD16 -me --include_path="C:/ti/ccs1040/ccs/ccs_base/arm/include" --include_path="C:/ti/simplelink_msp432_sdk_1_40_01_00/source" --include_path="C:/ti/ccs1040/ccs/ccs_base/arm/include/CMSIS" --include_path="C:/Users/rcwww/Downloads/MSP432-ESP8266-master/MSP432-ESP8266-master" --include_path="C:/ti/ti-cgt-arm_20.2.4.LTS/include" --advice:power=all --define=__MSP432P401R__ --define=ccs -g --gcc --diag_warning=225 --diag_wrap=off --display_error_number --abi=eabi --preproc_with_compile --preproc_dependency="Devices/ESP8266.d_raw" --obj_directory="Devices"  "../Devices/ESP8266.c"
 
>> Compilation failure
Devices/subdir_rules.mk:9: recipe for target 'Devices/ESP8266.obj' failed
"C:/Users/rcwww/Downloads/MSP432-ESP8266-master/MSP432-ESP8266-master/Hardware/GPIO_Driver.h", line 4: fatal error #1965: cannot open source file "ti/devices/msp432p4xx/driverlib/rom.h"
1 catastrophic error detected in the compilation of "../Devices/ESP8266.c".
Compilation terminated.
gmake: *** [Devices/ESP8266.obj] Error 1
Building file: "../Devices/MSPIO.c"
Invoking: MSP432 Compiler
"C:/ti/ti-cgt-arm_20.2.4.LTS/bin/armcl" -mv7M4 --code_state=16 --float_support=FPv4SPD16 -me --include_path="C:/ti/ccs1040/ccs/ccs_base/arm/include" --include_path="C:/ti/simplelink_msp432_sdk_1_40_01_00/source" --include_path="C:/ti/ccs1040/ccs/ccs_base/arm/include/CMSIS" --include_path="C:/Users/rcwww/Downloads/MSP432-ESP8266-master/MSP432-ESP8266-master" --include_path="C:/ti/ti-cgt-arm_20.2.4.LTS/include" --advice:power=all --define=__MSP432P401R__ --define=ccs -g --gcc --diag_warning=225 --diag_wrap=off --display_error_number --abi=eabi --preproc_with_compile --preproc_dependency="Devices/MSPIO.d_raw" --obj_directory="Devices"  "../Devices/MSPIO.c"
 
>> Compilation failure
Devices/subdir_rules.mk:9: recipe for target 'Devices/MSPIO.obj' failed
"C:/Users/rcwww/Downloads/MSP432-ESP8266-master/MSP432-ESP8266-master/Hardware/UART_Driver.h", line 4: fatal error #1965: cannot open source file "ti/devices/msp432p4xx/driverlib/rom.h"
1 catastrophic error detected in the compilation of "../Devices/MSPIO.c".
Compilation terminated.
gmake: *** [Devices/MSPIO.obj] Error 1
Building file: "../Hardware/CS_Driver.c"
Invoking: MSP432 Compiler
"C:/ti/ti-cgt-arm_20.2.4.LTS/bin/armcl" -mv7M4 --code_state=16 --float_support=FPv4SPD16 -me --include_path="C:/ti/ccs1040/ccs/ccs_base/arm/include" --include_path="C:/ti/simplelink_msp432_sdk_1_40_01_00/source" --include_path="C:/ti/ccs1040/ccs/ccs_base/arm/include/CMSIS" --include_path="C:/Users/rcwww/Downloads/MSP432-ESP8266-master/MSP432-ESP8266-master" --include_path="C:/ti/ti-cgt-arm_20.2.4.LTS/include" --advice:power=all --define=__MSP432P401R__ --define=ccs -g --gcc --diag_warning=225 --diag_wrap=off --display_error_number --abi=eabi --preproc_with_compile --preproc_dependency="Hardware/CS_Driver.d_raw" --obj_directory="Hardware"  "../Hardware/CS_Driver.c"
 
>> Compilation failure
Hardware/subdir_rules.mk:9: recipe for target 'Hardware/CS_Driver.obj' failed
"..\Hardware\CS_Driver.h", line 4: fatal error #1965: cannot open source file "ti/devices/msp432p4xx/driverlib/cs.h"
1 catastrophic error detected in the compilation of "../Hardware/CS_Driver.c".
Compilation terminated.
gmake: *** [Hardware/CS_Driver.obj] Error 1
Building file: "../Hardware/GPIO_Driver.c"
Invoking: MSP432 Compiler
"C:/ti/ti-cgt-arm_20.2.4.LTS/bin/armcl" -mv7M4 --code_state=16 --float_support=FPv4SPD16 -me --include_path="C:/ti/ccs1040/ccs/ccs_base/arm/include" --include_path="C:/ti/simplelink_msp432_sdk_1_40_01_00/source" --include_path="C:/ti/ccs1040/ccs/ccs_base/arm/include/CMSIS" --include_path="C:/Users/rcwww/Downloads/MSP432-ESP8266-master/MSP432-ESP8266-master" --include_path="C:/ti/ti-cgt-arm_20.2.4.LTS/include" --advice:power=all --define=__MSP432P401R__ --define=ccs -g --gcc --diag_warning=225 --diag_wrap=off --display_error_number --abi=eabi --preproc_with_compile --preproc_dependency="Hardware/GPIO_Driver.d_raw" --obj_directory="Hardware"  "../Hardware/GPIO_Driver.c"
 
>> Compilation failure
Hardware/subdir_rules.mk:9: recipe for target 'Hardware/GPIO_Driver.obj' failed
"..\Hardware\GPIO_Driver.h", line 4: fatal error #1965: cannot open source file "ti/devices/msp432p4xx/driverlib/rom.h"
1 catastrophic error detected in the compilation of "../Hardware/GPIO_Driver.c".
Compilation terminated.
gmake: *** [Hardware/GPIO_Driver.obj] Error 1
Building file: "../Hardware/UART_Driver.c"
Invoking: MSP432 Compiler
"C:/ti/ti-cgt-arm_20.2.4.LTS/bin/armcl" -mv7M4 --code_state=16 --float_support=FPv4SPD16 -me --include_path="C:/ti/ccs1040/ccs/ccs_base/arm/include" --include_path="C:/ti/simplelink_msp432_sdk_1_40_01_00/source" --include_path="C:/ti/ccs1040/ccs/ccs_base/arm/include/CMSIS" --include_path="C:/Users/rcwww/Downloads/MSP432-ESP8266-master/MSP432-ESP8266-master" --include_path="C:/ti/ti-cgt-arm_20.2.4.LTS/include" --advice:power=all --define=__MSP432P401R__ --define=ccs -g --gcc --diag_warning=225 --diag_wrap=off --display_error_number --abi=eabi --preproc_with_compile --preproc_dependency="Hardware/UART_Driver.d_raw" --obj_directory="Hardware"  "../Hardware/UART_Driver.c"
 
>> Compilation failure
Hardware/subdir_rules.mk:9: recipe for target 'Hardware/UART_Driver.obj' failed
"..\Hardware\UART_Driver.h", line 4: fatal error #1965: cannot open source file "ti/devices/msp432p4xx/driverlib/rom.h"
1 catastrophic error detected in the compilation of "../Hardware/UART_Driver.c".
Compilation terminated.
gmake: *** [Hardware/UART_Driver.obj] Error 1
Building file: "../system_msp432p401r.c"
Invoking: MSP432 Compiler
"C:/ti/ti-cgt-arm_20.2.4.LTS/bin/armcl" -mv7M4 --code_state=16 --float_support=FPv4SPD16 -me --include_path="C:/ti/ccs1040/ccs/ccs_base/arm/include" --include_path="C:/ti/simplelink_msp432_sdk_1_40_01_00/source" --include_path="C:/ti/ccs1040/ccs/ccs_base/arm/include/CMSIS" --include_path="C:/Users/rcwww/Downloads/MSP432-ESP8266-master/MSP432-ESP8266-master" --include_path="C:/ti/ti-cgt-arm_20.2.4.LTS/include" --advice:power=all --define=__MSP432P401R__ --define=ccs -g --gcc --diag_warning=225 --diag_wrap=off --display_error_number --abi=eabi --preproc_with_compile --preproc_dependency="system_msp432p401r.d_raw"  "../system_msp432p401r.c"
"../system_msp432p401r.c", line 112: remark #2624-D: (ULP 5.4) Detected an assignment to a type with size less than int. To avoid unnecessary sign extension, use int-sized types for local varaibles and convert to smaller types for static storage.
"../system_msp432p401r.c", line 160: remark #2624-D: (ULP 5.4) Detected an assignment to a type with size less than int. To avoid unnecessary sign extension, use int-sized types for local varaibles and convert to smaller types for static storage.
"../system_msp432p401r.c", line 193: remark #2624-D: (ULP 5.4) Detected an assignment to a type with size less than int. To avoid unnecessary sign extension, use int-sized types for local varaibles and convert to smaller types for static storage.
Finished building: "../system_msp432p401r.c"
 
gmake: Target 'all' not remade because of errors.

**** Build Finished ****
